Arguments: 
  C:\Program Files\nodejs\node.exe C:\Program Files (x86)\Yarn\bin\yarn.js add enzime@3.0.0 enzime-adapter-react-16@1.1.0 raft@3.3.2

PATH: 
  C:\ProgramData\DockerDesktop\version-bin;C:\Program Files\Docker\Docker\Resources\bin;C:\Program Files\Microsoft MPI\Bin\;C:\ProgramData\Oracle\Java\javapath;C:\Program Files (x86)\Common Files\Oracle\Java\javapath;C:\windows\system32;C:\windows;C:\windows\System32\Wbem;C:\windows\System32\WindowsPowerShell\v1.0\;C:\windows\System32\OpenSSH\;C:\Program Files (x86)\WebEx\Productivity Tools;C:\Program Files\nodejs\;C:\Program Files (x86)\Yarn\bin\;C:\Program Files\Git\cmd;C:\Program Files\1E\NomadBranch\;C:\Program Files (x86)\Common Files\NCR;C:\Program Files (x86)\GitExtensions\;C:\Program Files\TortoiseSVN\bin;C:\Program Files\dotnet\;C:\Users\dt250260\.windows-build-tools\python27\;C:\Users\dt250260\AppData\Local\Programs\Python\Python36\Scripts\;C:\Users\dt250260\AppData\Local\Programs\Python\Python36\;C:\Users\dt250260\AppData\Local\Microsoft\WindowsApps;C:\Users\dt250260\AppData\Roaming\npm;C:\Users\dt250260\AppData\Local\Yarn\bin;C:\Users\dt250260\AppData\Local\Programs\Microsoft VS Code\bin;c:\fciv;;C:\NCR\Python\Scripts\;C:\NCR\Python\;C:\Program Files\Microsoft SQL Server\130\Tools\Binn\;C:\ProgramData\chocolatey\bin;C:\NCR\Jdk\bin;C:\NCR\wkhtmltox\bin;C:\NCR\Node\

Yarn version: 
  1.13.0

Node version: 
  10.15.0

Platform: 
  win32 x64

Trace: 
  Error: https://registry.yarnpkg.com/enzime: Not found
      at Request.params.callback [as _callback] (C:\Program Files (x86)\Yarn\lib\cli.js:65364:18)
      at Request.self.callback (C:\Program Files (x86)\Yarn\lib\cli.js:129397:22)
      at Request.emit (events.js:182:13)
      at Request.<anonymous> (C:\Program Files (x86)\Yarn\lib\cli.js:130369:10)
      at Request.emit (events.js:182:13)
      at IncomingMessage.<anonymous> (C:\Program Files (x86)\Yarn\lib\cli.js:130291:12)
      at Object.onceWrapper (events.js:273:13)
      at IncomingMessage.emit (events.js:187:15)
      at endReadableNT (_stream_readable.js:1094:12)
      at process._tickCallback (internal/process/next_tick.js:63:19)

npm manifest: 
  {
    "name": "controlgastos",
    "version": "1.0.0",
    "main": "index.js",
    "author": "Daniel Agustin Tradito",
    "license": "MIT",
    "scripts": {
      "serve": "live-server public/",
      "build": "webpack",
      "dev-server": "webpack-dev-server --watch",
      "test": "jest --watch",
      "clearCache": "jest --clearCache"
    },
    "dependencies": {
      "@babel/core": "^7.4.5",
      "@babel/plugin-proposal-object-rest-spread": "^7.4.4",
      "@babel/preset-env": "^7.4.5",
      "@babel/preset-react": "^7.0.0",
      "axios": "^0.18.1",
      "babel-cli": "6.24.1",
      "babel-loader": "^8.0.6",
      "css-loader": "0.28.4",
      "firebase": "4.2.0",
      "jest": "^24.9.0",
      "live-server": "^1.2.1",
      "moment": "^2.24.0",
      "node-sass": "^4.11.0",
      "normalize.css": "7.0.0",
      "react": "15.6.1",
      "react-addons-shallow-compare": "15.6.0",
      "react-dates": "12.7.0",
      "react-dom": "15.6.1",
      "react-modal": "2.2.2",
      "react-redux": "5.0.5",
      "react-router-dom": "^4.3.1",
      "redux": "3.7.2",
      "redux-thunk": "2.2.0",
      "sass-loader": "6.0.6",
      "style-loader": "0.18.2",
      "validator": "8.0.0",
      "webpack": "3.1.0",
      "webpack-dev-server": "2.5.1"
    },
    "devDependencies": {
      "@babel/plugin-proposal-class-properties": "^7.5.5",
      "babel-plugin-transform-class-properties": "^6.24.1",
      "babel-plugin-transform-object-rest-spread": "^6.26.0"
    }
  }

yarn manifest: 
  No manifest

Lockfile: 
  No lockfile
